[15:55:29] [ServerMain/WARN]: Invalid registry value type detected for PerfOS counters. Should be REG_DWORD. Ignoring: HKEY_LOCAL_MACHINE\SYSTEM\CurrentControlSet\Services\PerfOS\Performance\Disable Performance Counters.
[15:55:34] [ServerMain/INFO]: Environment: Environment[sessionHost=https://sessionserver.mojang.com, servicesHost=https://api.minecraftservices.com, name=PROD]
[15:55:35] [ServerMain/INFO]: Loaded 1290 recipes
[15:55:36] [ServerMain/INFO]: Loaded 1399 advancements
[15:55:36] [Server thread/INFO]: Starting minecraft server version 1.21.1
[15:55:36] [Server thread/INFO]: Loading properties
[15:55:36] [Server thread/INFO]: Default game type: SURVIVAL
[15:55:36] [Server thread/INFO]: Generating keypair
[15:55:36] [Server thread/INFO]: Starting Minecraft server on *:25565
[15:55:37] [Server thread/INFO]: Using default channel type
[15:55:37] [Server thread/INFO]: Preparing level "world"
[15:55:37] [Server thread/INFO]: Preparing start region for dimension minecraft:overworld
[15:55:38] [Worker-Main-8/INFO]: Preparing spawn area: 0%
[15:55:38] [Server thread/INFO]: Time elapsed: 424 ms
[15:55:38] [Server thread/INFO]: Done (1.289s)! For help, type "help"
[15:55:53] [Server thread/INFO]: Stopping server
[15:55:53] [Server thread/INFO]: Saving players
[15:55:53] [Server thread/INFO]: Saving worlds
[15:55:53] [Server thread/INFO]: Saving chunks for level 'ServerLevel[world]'/minecraft:overworld
[15:55:53] [Server thread/INFO]: Saving chunks for level 'ServerLevel[world]'/minecraft:the_nether
[15:55:53] [Server thread/INFO]: Saving chunks for level 'ServerLevel[world]'/minecraft:the_end
[15:55:53] [Server thread/INFO]: ThreadedAnvilChunkStorage (world): All chunks are saved
[15:55:53] [Server thread/INFO]: ThreadedAnvilChunkStorage (DIM-1): All chunks are saved
[15:55:53] [Server thread/INFO]: ThreadedAnvilChunkStorage (DIM1): All chunks are saved
[15:55:53] [Server thread/INFO]: ThreadedAnvilChunkStorage: All dimensions are saved
